<?xml version="1.0" encoding="UTF-8"?>
<!-- Generated by org.testng.reporters.JUnitReportReporter -->
<testsuite hostname="Ahads-MacBook-Air.local" failures="0" tests="2" name="Base.Base" time="113.566" errors="0" timestamp="2023-05-12T11:32:20 IST" skipped="0">
  <testcase classname="Base.Base" name="Start" time="113.557"/>
  <system-out/>
  <testcase classname="Base.Base" name="End" time="0.009"/>
  <system-out/>
</testsuite> <!-- Base.Base -->
